<?xml version="1.0" encoding="UTF-8"?>
<coverage generated="1613922179306" clover="3.2.0">
  <project timestamp="1613922179306" name="All files">
    <metrics statements="19" coveredstatements="17" conditionals="2" coveredconditionals="2" methods="5" coveredmethods="4" elements="26" coveredelements="23" complexity="0" loc="19" ncloc="19" packages="1" files="3" classes="3"/>
    <file name="app.js" path="C:\Users\Admin\Desktop\Jest\app.js">
      <metrics statements="11" coveredstatements="11" conditionals="0" coveredconditionals="0" methods="1" coveredmethods="1"/>
      <line num="1" count="1" type="stmt"/>
      <line num="2" count="1" type="stmt"/>
      <line num="3" count="1" type="stmt"/>
      <line num="4" count="1" type="stmt"/>
      <line num="5" count="1" type="stmt"/>
      <line num="6" count="1" type="stmt"/>
      <line num="8" count="1" type="stmt"/>
      <line num="9" count="1" type="stmt"/>
      <line num="10" count="1" type="stmt"/>
      <line num="11" count="1" type="stmt"/>
      <line num="14" count="1" type="stmt"/>
    </file>
    <file name="calculator.js" path="C:\Users\Admin\Desktop\Jest\calculator.js">
      <metrics statements="4" coveredstatements="4" conditionals="2" coveredconditionals="2" methods="3" coveredmethods="3"/>
      <line num="1" count="1" type="stmt"/>
      <line num="2" count="1" type="stmt"/>
      <line num="3" count="2" type="cond" truecount="2" falsecount="0"/>
      <line num="4" count="1" type="stmt"/>
    </file>
    <file name="request.js" path="C:\Users\Admin\Desktop\Jest\request.js">
      <metrics statements="4" coveredstatements="2" conditionals="0" coveredconditionals="0" methods="1" coveredmethods="0"/>
      <line num="1" count="1" type="stmt"/>
      <line num="4" count="0" type="stmt"/>
      <line num="5" count="0" type="stmt"/>
      <line num="10" count="1" type="stmt"/>
    </file>
  </project>
</coverage>
